# JRE version: OpenJDK Runtime Environment (11.0.8+10) (build 11.0.8+10-b944.6842174)
# Java VM: OpenJDK 64-Bit Server VM (11.0.8+10-b944.6842174, mixed mode, tiered, compressed oops, g1 gc, windows-amd64)
Heap:
 garbage-first heap   total 269312K, used 128310K [0x0000000080000000, 0x0000000100000000)
  region size 1024K, 2 young (2048K), 2 survivors (2048K)
 Metaspace       used 89095K, capacity 91440K, committed 93132K, reserved 1128448K
  class space    used 11644K, capacity 12532K, committed 13312K, reserved 1048576K
GC Heap History (20 events):
Event: 78.058 GC heap after
{Heap after GC invocations=28 (full 0):
 garbage-first heap   total 129024K, used 75617K [0x0000000080000000, 0x0000000100000000)
  region size 1024K, 1 young (1024K), 1 survivors (1024K)
 Metaspace       used 87962K, capacity 90480K, committed 91596K, reserved 1128448K
  class space    used 11588K, capacity 12536K, committed 13056K, reserved 1048576K
}
Event: 78.349 GC heap before
{Heap before GC invocations=28 (full 0):
 garbage-first heap   total 129024K, used 88929K [0x0000000080000000, 0x0000000100000000)
  region size 1024K, 16 young (16384K), 1 survivors (1024K)
 Metaspace       used 88317K, capacity 90848K, committed 91852K, reserved 1128448K
  class space    used 11636K, capacity 12610K, committed 13056K, reserved 1048576K
}
Event: 78.352 GC heap after
{Heap after GC invocations=29 (full 0):
 garbage-first heap   total 129024K, used 76460K [0x0000000080000000, 0x0000000100000000)
  region size 1024K, 2 young (2048K), 2 survivors (2048K)
 Metaspace       used 88317K, capacity 90848K, committed 91852K, reserved 1128448K
  class space    used 11636K, capacity 12610K, committed 13056K, reserved 1048576K
}
Event: 78.621 GC heap before
{Heap before GC invocations=30 (full 0):
 garbage-first heap   total 129024K, used 116396K [0x0000000080000000, 0x0000000100000000)
  region size 1024K, 28 young (28672K), 2 survivors (2048K)
 Metaspace       used 88166K, capacity 90484K, committed 92236K, reserved 1128448K
  class space    used 11511K, capacity 12372K, committed 13184K, reserved 1048576K
}
Event: 78.632 GC heap after
{Heap after GC invocations=31 (full 0):
 garbage-first heap   total 130048K, used 95701K [0x0000000080000000, 0x0000000100000000)
  region size 1024K, 4 young (4096K), 4 survivors (4096K)
 Metaspace       used 88166K, capacity 90484K, committed 92236K, reserved 1128448K
  class space    used 11511K, capacity 12372K, committed 13184K, reserved 1048576K
}
Event: 78.642 GC heap before
{Heap before GC invocations=31 (full 0):
 garbage-first heap   total 130048K, used 96725K [0x0000000080000000, 0x0000000100000000)
  region size 1024K, 6 young (6144K), 4 survivors (4096K)
 Metaspace       used 88166K, capacity 90484K, committed 92236K, reserved 1128448K
  class space    used 11511K, capacity 12372K, committed 13184K, reserved 1048576K
}
Event: 78.650 GC heap after
{Heap after GC invocations=32 (full 0):
 garbage-first heap   total 130048K, used 90468K [0x0000000080000000, 0x0000000100000000)
  region size 1024K, 1 young (1024K), 1 survivors (1024K)
 Metaspace       used 88166K, capacity 90484K, committed 92236K, reserved 1128448K
  class space    used 11511K, capacity 12372K, committed 13184K, reserved 1048576K
}
Event: 78.810 GC heap before
{Heap before GC invocations=32 (full 0):
 garbage-first heap   total 130048K, used 104804K [0x0000000080000000, 0x0000000100000000)
  region size 1024K, 16 young (16384K), 1 survivors (1024K)
 Metaspace       used 88855K, capacity 91175K, committed 92748K, reserved 1128448K
  class space    used 11637K, capacity 12494K, committed 13184K, reserved 1048576K
}
Event: 78.819 GC heap after
{Heap after GC invocations=33 (full 0):
 garbage-first heap   total 130048K, used 97250K [0x0000000080000000, 0x0000000100000000)
  region size 1024K, 2 young (2048K), 2 survivors (2048K)
 Metaspace       used 88855K, capacity 91175K, committed 92748K, reserved 1128448K
  class space    used 11637K, capacity 12494K, committed 13184K, reserved 1048576K
}
Event: 78.919 GC heap before
{Heap before GC invocations=33 (full 0):
 garbage-first heap   total 130048K, used 107490K [0x0000000080000000, 0x0000000100000000)
  region size 1024K, 12 young (12288K), 2 survivors (2048K)
 Metaspace       used 88906K, capacity 91242K, committed 92748K, reserved 1128448K
  class space    used 11637K, capacity 12494K, committed 13184K, reserved 1048576K
}
Event: 78.928 GC heap after
{Heap after GC invocations=34 (full 0):
 garbage-first heap   total 130048K, used 103793K [0x0000000080000000, 0x0000000100000000)
  region size 1024K, 2 young (2048K), 2 survivors (2048K)
 Metaspace       used 88906K, capacity 91242K, committed 92748K, reserved 1128448K
  class space    used 11637K, capacity 12494K, committed 13184K, reserved 1048576K
}
Event: 78.983 GC heap before
{Heap before GC invocations=34 (full 0):
 garbage-first heap   total 130048K, used 108913K [0x0000000080000000, 0x0000000100000000)
  region size 1024K, 7 young (7168K), 2 survivors (2048K)
 Metaspace       used 88918K, capacity 91244K, committed 92748K, reserved 1128448K
  class space    used 11637K, capacity 12494K, committed 13184K, reserved 1048576K
}
Event: 78.989 GC heap after
{Heap after GC invocations=35 (full 0):
 garbage-first heap   total 166912K, used 107022K [0x0000000080000000, 0x0000000100000000)
  region size 1024K, 1 young (1024K), 1 survivors (1024K)
 Metaspace       used 88918K, capacity 91244K, committed 92748K, reserved 1128448K
  class space    used 11637K, capacity 12494K, committed 13184K, reserved 1048576K
}
Event: 79.115 GC heap before
{Heap before GC invocations=36 (full 0):
 garbage-first heap   total 166912K, used 126478K [0x0000000080000000, 0x0000000100000000)
  region size 1024K, 21 young (21504K), 1 survivors (1024K)
 Metaspace       used 88925K, capacity 91244K, committed 92748K, reserved 1128448K
  class space    used 11637K, capacity 12494K, committed 13184K, reserved 1048576K
}
Event: 79.127 GC heap after
{Heap after GC invocations=37 (full 0):
 garbage-first heap   total 166912K, used 119663K [0x0000000080000000, 0x0000000100000000)
  region size 1024K, 3 young (3072K), 3 survivors (3072K)
 Metaspace       used 88925K, capacity 91244K, committed 92748K, reserved 1128448K
  class space    used 11637K, capacity 12494K, committed 13184K, reserved 1048576K
}
Event: 79.175 GC heap before
{Heap before GC invocations=37 (full 0):
 garbage-first heap   total 166912K, used 124783K [0x0000000080000000, 0x0000000100000000)
  region size 1024K, 8 young (8192K), 3 survivors (3072K)
 Metaspace       used 88954K, capacity 91347K, committed 93132K, reserved 1128448K
  class space    used 11641K, capacity 12528K, committed 13312K, reserved 1048576K
}
Event: 79.189 GC heap after
{Heap after GC invocations=38 (full 0):
 garbage-first heap   total 166912K, used 122442K [0x0000000080000000, 0x0000000100000000)
  region size 1024K, 1 young (1024K), 1 survivors (1024K)
 Metaspace       used 88954K, capacity 91347K, committed 93132K, reserved 1128448K
  class space    used 11641K, capacity 12528K, committed 13312K, reserved 1048576K
}
Event: 79.273 GC heap before
{Heap before GC invocations=38 (full 0):
 garbage-first heap   total 166912K, used 132682K [0x0000000080000000, 0x0000000100000000)
  region size 1024K, 12 young (12288K), 1 survivors (1024K)
 Metaspace       used 89034K, capacity 91434K, committed 93132K, reserved 1128448K
  class space    used 11644K, capacity 12532K, committed 13312K, reserved 1048576K
}
Event: 79.279 GC heap after
{Heap after GC invocations=39 (full 0):
 garbage-first heap   total 166912K, used 125064K [0x0000000080000000, 0x0000000100000000)
  region size 1024K, 2 young (2048K), 2 survivors (2048K)
 Metaspace       used 89034K, capacity 91434K, committed 93132K, reserved 1128448K
  class space    used 11644K, capacity 12532K, committed 13312K, reserved 1048576K
}
Event: 79.385 GC heap before
{Heap before GC invocations=39 (full 0):
 garbage-first heap   total 166912K, used 135304K [0x0000000080000000, 0x0000000100000000)
  region size 1024K, 12 young (12288K), 2 survivors (2048K)
 Metaspace       used 89095K, capacity 91440K, committed 93132K, reserved 1128448K
  class space    used 11644K, capacity 12532K, committed 13312K, reserved 1048576K
}

