# JRE version: OpenJDK Runtime Environment (11.0.8+10) (build 11.0.8+10-b944.6842174)
# Java VM: OpenJDK 64-Bit Server VM (11.0.8+10-b944.6842174, mixed mode, tiered, compressed oops, g1 gc, windows-amd64)
Heap:
 garbage-first heap   total 129024K, used 83538K [0x0000000080000000, 0x0000000100000000)
  region size 1024K, 65 young (66560K), 6 survivors (6144K)
 Metaspace       used 40957K, capacity 41902K, committed 42240K, reserved 1085440K
  class space    used 5237K, capacity 5536K, committed 5632K, reserved 1048576K
GC Heap History (10 events):
Event: 1.062 GC heap before
{Heap before GC invocations=0 (full 0):
 garbage-first heap   total 129024K, used 29696K [0x0000000080000000, 0x0000000100000000)
  region size 1024K, 24 young (24576K), 0 survivors (0K)
 Metaspace       used 10678K, capacity 10996K, committed 11264K, reserved 1058816K
  class space    used 1130K, capacity 1200K, committed 1280K, reserved 1048576K
}
Event: 1.066 GC heap after
{Heap after GC invocations=1 (full 0):
 garbage-first heap   total 129024K, used 8651K [0x0000000080000000, 0x0000000100000000)
  region size 1024K, 3 young (3072K), 3 survivors (3072K)
 Metaspace       used 10678K, capacity 10996K, committed 11264K, reserved 1058816K
  class space    used 1130K, capacity 1200K, committed 1280K, reserved 1048576K
}
Event: 4.091 GC heap before
{Heap before GC invocations=1 (full 0):
 garbage-first heap   total 129024K, used 81355K [0x0000000080000000, 0x0000000100000000)
  region size 1024K, 75 young (76800K), 3 survivors (3072K)
 Metaspace       used 18972K, capacity 19454K, committed 19712K, reserved 1067008K
  class space    used 2302K, capacity 2458K, committed 2560K, reserved 1048576K
}
Event: 4.102 GC heap after
{Heap after GC invocations=2 (full 0):
 garbage-first heap   total 129024K, used 15370K [0x0000000080000000, 0x0000000100000000)
  region size 1024K, 10 young (10240K), 10 survivors (10240K)
 Metaspace       used 18972K, capacity 19454K, committed 19712K, reserved 1067008K
  class space    used 2302K, capacity 2458K, committed 2560K, reserved 1048576K
}
Event: 4.584 GC heap before
{Heap before GC invocations=2 (full 0):
 garbage-first heap   total 129024K, used 26634K [0x0000000080000000, 0x0000000100000000)
  region size 1024K, 22 young (22528K), 10 survivors (10240K)
 Metaspace       used 20580K, capacity 21095K, committed 21248K, reserved 1067008K
  class space    used 2527K, capacity 2712K, committed 2816K, reserved 1048576K
}
Event: 4.590 GC heap after
{Heap after GC invocations=3 (full 0):
 garbage-first heap   total 129024K, used 16200K [0x0000000080000000, 0x0000000100000000)
  region size 1024K, 1 young (1024K), 1 survivors (1024K)
 Metaspace       used 20580K, capacity 21095K, committed 21248K, reserved 1067008K
  class space    used 2527K, capacity 2712K, committed 2816K, reserved 1048576K
}
Event: 8.890 GC heap before
{Heap before GC invocations=4 (full 0):
 garbage-first heap   total 129024K, used 70472K [0x0000000080000000, 0x0000000100000000)
  region size 1024K, 54 young (55296K), 1 survivors (1024K)
 Metaspace       used 26579K, capacity 27204K, committed 27264K, reserved 1073152K
  class space    used 3486K, capacity 3710K, committed 3712K, reserved 1048576K
}
Event: 8.893 GC heap after
{Heap after GC invocations=5 (full 0):
 garbage-first heap   total 129024K, used 17904K [0x0000000080000000, 0x0000000100000000)
  region size 1024K, 3 young (3072K), 3 survivors (3072K)
 Metaspace       used 26579K, capacity 27204K, committed 27264K, reserved 1073152K
  class space    used 3486K, capacity 3710K, committed 3712K, reserved 1048576K
}
Event: 13.764 GC heap before
{Heap before GC invocations=5 (full 0):
 garbage-first heap   total 129024K, used 61936K [0x0000000080000000, 0x0000000100000000)
  region size 1024K, 48 young (49152K), 3 survivors (3072K)
 Metaspace       used 35065K, capacity 35803K, committed 35840K, reserved 1081344K
  class space    used 4564K, capacity 4854K, committed 4864K, reserved 1048576K
}
Event: 13.773 GC heap after
{Heap after GC invocations=6 (full 0):
 garbage-first heap   total 129024K, used 21074K [0x0000000080000000, 0x0000000100000000)
  region size 1024K, 6 young (6144K), 6 survivors (6144K)
 Metaspace       used 35065K, capacity 35803K, committed 35840K, reserved 1081344K
  class space    used 4564K, capacity 4854K, committed 4864K, reserved 1048576K
}

