# JRE version: OpenJDK Runtime Environment (11.0.8+10) (build 11.0.8+10-b944.6842174)
# Java VM: OpenJDK 64-Bit Server VM (11.0.8+10-b944.6842174, mixed mode, tiered, compressed oops, g1 gc, windows-amd64)
Heap:
 garbage-first heap   total 292864K, used 178600K [0x0000000080000000, 0x0000000100000000)
  region size 1024K, 26 young (26624K), 2 survivors (2048K)
 Metaspace       used 107712K, capacity 110500K, committed 110668K, reserved 1144832K
  class space    used 13601K, capacity 14604K, committed 14668K, reserved 1048576K
GC Heap History (20 events):
Event: 326.948 GC heap before
{Heap before GC invocations=47 (full 0):
 garbage-first heap   total 292864K, used 222032K [0x0000000080000000, 0x0000000100000000)
  region size 1024K, 55 young (56320K), 2 survivors (2048K)
 Metaspace       used 106242K, capacity 109015K, committed 109132K, reserved 1144832K
  class space    used 13592K, capacity 14588K, committed 14668K, reserved 1048576K
}
Event: 326.954 GC heap after
{Heap after GC invocations=48 (full 0):
 garbage-first heap   total 292864K, used 152957K [0x0000000080000000, 0x0000000100000000)
  region size 1024K, 6 young (6144K), 6 survivors (6144K)
 Metaspace       used 106242K, capacity 109015K, committed 109132K, reserved 1144832K
  class space    used 13592K, capacity 14588K, committed 14668K, reserved 1048576K
}
Event: 328.068 GC heap before
{Heap before GC invocations=48 (full 0):
 garbage-first heap   total 292864K, used 208253K [0x0000000080000000, 0x0000000100000000)
  region size 1024K, 61 young (62464K), 6 survivors (6144K)
 Metaspace       used 106590K, capacity 109432K, committed 109644K, reserved 1144832K
  class space    used 13600K, capacity 14603K, committed 14668K, reserved 1048576K
}
Event: 328.076 GC heap after
{Heap after GC invocations=49 (full 0):
 garbage-first heap   total 292864K, used 156586K [0x0000000080000000, 0x0000000100000000)
  region size 1024K, 8 young (8192K), 8 survivors (8192K)
 Metaspace       used 106590K, capacity 109432K, committed 109644K, reserved 1144832K
  class space    used 13600K, capacity 14603K, committed 14668K, reserved 1048576K
}
Event: 329.049 GC heap before
{Heap before GC invocations=49 (full 0):
 garbage-first heap   total 292864K, used 215978K [0x0000000080000000, 0x0000000100000000)
  region size 1024K, 65 young (66560K), 8 survivors (8192K)
 Metaspace       used 107028K, capacity 109849K, committed 110156K, reserved 1144832K
  class space    used 13605K, capacity 14612K, committed 14668K, reserved 1048576K
}
Event: 329.055 GC heap after
{Heap after GC invocations=50 (full 0):
 garbage-first heap   total 292864K, used 159971K [0x0000000080000000, 0x0000000100000000)
  region size 1024K, 5 young (5120K), 5 survivors (5120K)
 Metaspace       used 107028K, capacity 109849K, committed 110156K, reserved 1144832K
  class space    used 13605K, capacity 14612K, committed 14668K, reserved 1048576K
}
Event: 329.787 GC heap before
{Heap before GC invocations=50 (full 0):
 garbage-first heap   total 292864K, used 221411K [0x0000000080000000, 0x0000000100000000)
  region size 1024K, 64 young (65536K), 5 survivors (5120K)
 Metaspace       used 107407K, capacity 110224K, committed 110412K, reserved 1144832K
  class space    used 13609K, capacity 14619K, committed 14668K, reserved 1048576K
}
Event: 329.794 GC heap after
{Heap after GC invocations=51 (full 0):
 garbage-first heap   total 292864K, used 159830K [0x0000000080000000, 0x0000000100000000)
  region size 1024K, 4 young (4096K), 4 survivors (4096K)
 Metaspace       used 107407K, capacity 110224K, committed 110412K, reserved 1144832K
  class space    used 13609K, capacity 14619K, committed 14668K, reserved 1048576K
}
Event: 330.439 GC heap before
{Heap before GC invocations=51 (full 0):
 garbage-first heap   total 292864K, used 238678K [0x0000000080000000, 0x0000000100000000)
  region size 1024K, 67 young (68608K), 4 survivors (4096K)
 Metaspace       used 107437K, capacity 110225K, committed 110412K, reserved 1144832K
  class space    used 13609K, capacity 14619K, committed 14668K, reserved 1048576K
}
Event: 330.468 GC heap after
{Heap after GC invocations=52 (full 0):
 garbage-first heap   total 292864K, used 194949K [0x0000000080000000, 0x0000000100000000)
  region size 1024K, 9 young (9216K), 9 survivors (9216K)
 Metaspace       used 107437K, capacity 110225K, committed 110412K, reserved 1144832K
  class space    used 13609K, capacity 14619K, committed 14668K, reserved 1048576K
}
Event: 330.892 GC heap before
{Heap before GC invocations=52 (full 0):
 garbage-first heap   total 292864K, used 232837K [0x0000000080000000, 0x0000000100000000)
  region size 1024K, 47 young (48128K), 9 survivors (9216K)
 Metaspace       used 107443K, capacity 110227K, committed 110412K, reserved 1144832K
  class space    used 13609K, capacity 14619K, committed 14668K, reserved 1048576K
}
Event: 330.979 GC heap after
{Heap after GC invocations=53 (full 0):
 garbage-first heap   total 292864K, used 208896K [0x0000000080000000, 0x0000000100000000)
  region size 1024K, 6 young (6144K), 6 survivors (6144K)
 Metaspace       used 107443K, capacity 110227K, committed 110412K, reserved 1144832K
  class space    used 13609K, capacity 14619K, committed 14668K, reserved 1048576K
}
Event: 331.467 GC heap before
{Heap before GC invocations=54 (full 0):
 garbage-first heap   total 292864K, used 186368K [0x0000000080000000, 0x0000000100000000)
  region size 1024K, 35 young (35840K), 6 survivors (6144K)
 Metaspace       used 107388K, capacity 110132K, committed 110412K, reserved 1144832K
  class space    used 13590K, capacity 14583K, committed 14668K, reserved 1048576K
}
Event: 331.491 GC heap after
{Heap after GC invocations=55 (full 0):
 garbage-first heap   total 292864K, used 167552K [0x0000000080000000, 0x0000000100000000)
  region size 1024K, 5 young (5120K), 5 survivors (5120K)
 Metaspace       used 107388K, capacity 110132K, committed 110412K, reserved 1144832K
  class space    used 13590K, capacity 14583K, committed 14668K, reserved 1048576K
}
Event: 331.610 GC heap before
{Heap before GC invocations=55 (full 0):
 garbage-first heap   total 292864K, used 177792K [0x0000000080000000, 0x0000000100000000)
  region size 1024K, 14 young (14336K), 5 survivors (5120K)
 Metaspace       used 107388K, capacity 110132K, committed 110412K, reserved 1144832K
  class space    used 13590K, capacity 14583K, committed 14668K, reserved 1048576K
}
Event: 331.626 GC heap after
{Heap after GC invocations=56 (full 0):
 garbage-first heap   total 292864K, used 147712K [0x0000000080000000, 0x0000000100000000)
  region size 1024K, 2 young (2048K), 2 survivors (2048K)
 Metaspace       used 107388K, capacity 110132K, committed 110412K, reserved 1144832K
  class space    used 13590K, capacity 14583K, committed 14668K, reserved 1048576K
}
Event: 331.863 GC heap before
{Heap before GC invocations=56 (full 0):
 garbage-first heap   total 292864K, used 208128K [0x0000000080000000, 0x0000000100000000)
  region size 1024K, 53 young (54272K), 2 survivors (2048K)
 Metaspace       used 107390K, capacity 110134K, committed 110412K, reserved 1144832K
  class space    used 13590K, capacity 14583K, committed 14668K, reserved 1048576K
}
Event: 331.873 GC heap after
{Heap after GC invocations=57 (full 0):
 garbage-first heap   total 292864K, used 164731K [0x0000000080000000, 0x0000000100000000)
  region size 1024K, 7 young (7168K), 7 survivors (7168K)
 Metaspace       used 107390K, capacity 110134K, committed 110412K, reserved 1144832K
  class space    used 13590K, capacity 14583K, committed 14668K, reserved 1048576K
}
Event: 786.993 GC heap before
{Heap before GC invocations=57 (full 0):
 garbage-first heap   total 292864K, used 233339K [0x0000000080000000, 0x0000000100000000)
  region size 1024K, 55 young (56320K), 7 survivors (7168K)
 Metaspace       used 107577K, capacity 110334K, committed 110412K, reserved 1144832K
  class space    used 13598K, capacity 14599K, committed 14668K, reserved 1048576K
}
Event: 787.131 GC heap after
{Heap after GC invocations=58 (full 0):
 garbage-first heap   total 292864K, used 155048K [0x0000000080000000, 0x0000000100000000)
  region size 1024K, 2 young (2048K), 2 survivors (2048K)
 Metaspace       used 107577K, capacity 110334K, committed 110412K, reserved 1144832K
  class space    used 13598K, capacity 14599K, committed 14668K, reserved 1048576K
}

