# JRE version: OpenJDK Runtime Environment (11.0.8+10) (build 11.0.8+10-b944.6842174)
# Java VM: OpenJDK 64-Bit Server VM (11.0.8+10-b944.6842174, mixed mode, tiered, compressed oops, g1 gc, windows-amd64)
Heap:
 garbage-first heap   total 225280K, used 103971K [0x0000000080000000, 0x0000000100000000)
  region size 1024K, 2 young (2048K), 2 survivors (2048K)
 Metaspace       used 111089K, capacity 114050K, committed 114252K, reserved 1148928K
  class space    used 14199K, capacity 15405K, committed 15436K, reserved 1048576K
GC Heap History (20 events):
Event: 1426.692 GC heap after
{Heap after GC invocations=49 (full 0):
 garbage-first heap   total 129024K, used 92810K [0x0000000080000000, 0x0000000100000000)
  region size 1024K, 2 young (2048K), 2 survivors (2048K)
 Metaspace       used 101898K, capacity 104179K, committed 104396K, reserved 1140736K
  class space    used 12714K, capacity 13504K, committed 13516K, reserved 1048576K
}
Event: 1426.723 GC heap before
{Heap before GC invocations=49 (full 0):
 garbage-first heap   total 129024K, used 95882K [0x0000000080000000, 0x0000000100000000)
  region size 1024K, 6 young (6144K), 2 survivors (2048K)
 Metaspace       used 102114K, capacity 104422K, committed 104524K, reserved 1140736K
  class space    used 12752K, capacity 13564K, committed 13644K, reserved 1048576K
}
Event: 1426.735 GC heap after
{Heap after GC invocations=50 (full 0):
 garbage-first heap   total 129024K, used 88544K [0x0000000080000000, 0x0000000100000000)
  region size 1024K, 1 young (1024K), 1 survivors (1024K)
 Metaspace       used 102114K, capacity 104422K, committed 104524K, reserved 1140736K
  class space    used 12752K, capacity 13564K, committed 13644K, reserved 1048576K
}
Event: 1426.955 GC heap before
{Heap before GC invocations=50 (full 0):
 garbage-first heap   total 129024K, used 101856K [0x0000000080000000, 0x0000000100000000)
  region size 1024K, 15 young (15360K), 1 survivors (1024K)
 Metaspace       used 104481K, capacity 106910K, committed 107212K, reserved 1142784K
  class space    used 13115K, capacity 13977K, committed 14028K, reserved 1048576K
}
Event: 1426.959 GC heap after
{Heap after GC invocations=51 (full 0):
 garbage-first heap   total 129024K, used 90453K [0x0000000080000000, 0x0000000100000000)
  region size 1024K, 2 young (2048K), 2 survivors (2048K)
 Metaspace       used 104481K, capacity 106910K, committed 107212K, reserved 1142784K
  class space    used 13115K, capacity 13977K, committed 14028K, reserved 1048576K
}
Event: 1427.027 GC heap before
{Heap before GC invocations=51 (full 0):
 garbage-first heap   total 129024K, used 103765K [0x0000000080000000, 0x0000000100000000)
  region size 1024K, 15 young (15360K), 2 survivors (2048K)
 Metaspace       used 104902K, capacity 107350K, committed 107596K, reserved 1142784K
  class space    used 13176K, capacity 14060K, committed 14156K, reserved 1048576K
}
Event: 1427.033 GC heap after
{Heap after GC invocations=52 (full 0):
 garbage-first heap   total 129024K, used 95489K [0x0000000080000000, 0x0000000100000000)
  region size 1024K, 2 young (2048K), 2 survivors (2048K)
 Metaspace       used 104902K, capacity 107350K, committed 107596K, reserved 1142784K
  class space    used 13176K, capacity 14060K, committed 14156K, reserved 1048576K
}
Event: 1427.061 GC heap before
{Heap before GC invocations=52 (full 0):
 garbage-first heap   total 129024K, used 105729K [0x0000000080000000, 0x0000000100000000)
  region size 1024K, 12 young (12288K), 2 survivors (2048K)
 Metaspace       used 104911K, capacity 107356K, committed 107596K, reserved 1142784K
  class space    used 13177K, capacity 14062K, committed 14156K, reserved 1048576K
}
Event: 1427.068 GC heap after
{Heap after GC invocations=53 (full 0):
 garbage-first heap   total 129024K, used 99740K [0x0000000080000000, 0x0000000100000000)
  region size 1024K, 2 young (2048K), 2 survivors (2048K)
 Metaspace       used 104911K, capacity 107356K, committed 107596K, reserved 1142784K
  class space    used 13177K, capacity 14062K, committed 14156K, reserved 1048576K
}
Event: 1427.108 GC heap before
{Heap before GC invocations=53 (full 0):
 garbage-first heap   total 129024K, used 107932K [0x0000000080000000, 0x0000000100000000)
  region size 1024K, 10 young (10240K), 2 survivors (2048K)
 Metaspace       used 104998K, capacity 107434K, committed 107596K, reserved 1142784K
  class space    used 13189K, capacity 14067K, committed 14156K, reserved 1048576K
}
Event: 1427.114 GC heap after
{Heap after GC invocations=54 (full 0):
 garbage-first heap   total 129024K, used 102754K [0x0000000080000000, 0x0000000100000000)
  region size 1024K, 2 young (2048K), 2 survivors (2048K)
 Metaspace       used 104998K, capacity 107434K, committed 107596K, reserved 1142784K
  class space    used 13189K, capacity 14067K, committed 14156K, reserved 1048576K
}
Event: 1427.166 GC heap before
{Heap before GC invocations=54 (full 0):
 garbage-first heap   total 129024K, used 107874K [0x0000000080000000, 0x0000000100000000)
  region size 1024K, 8 young (8192K), 2 survivors (2048K)
 Metaspace       used 105567K, capacity 108011K, committed 108236K, reserved 1142784K
  class space    used 13265K, capacity 14152K, committed 14284K, reserved 1048576K
}
Event: 1427.174 GC heap after
{Heap after GC invocations=55 (full 0):
 garbage-first heap   total 155648K, used 104245K [0x0000000080000000, 0x0000000100000000)
  region size 1024K, 1 young (1024K), 1 survivors (1024K)
 Metaspace       used 105567K, capacity 108011K, committed 108236K, reserved 1142784K
  class space    used 13265K, capacity 14152K, committed 14284K, reserved 1048576K
}
Event: 1427.382 GC heap before
{Heap before GC invocations=56 (full 0):
 garbage-first heap   total 155648K, used 118581K [0x0000000080000000, 0x0000000100000000)
  region size 1024K, 16 young (16384K), 1 survivors (1024K)
 Metaspace       used 108263K, capacity 111014K, committed 111180K, reserved 1144832K
  class space    used 13791K, capacity 14881K, committed 14924K, reserved 1048576K
}
Event: 1427.388 GC heap after
{Heap after GC invocations=57 (full 0):
 garbage-first heap   total 155648K, used 105901K [0x0000000080000000, 0x0000000100000000)
  region size 1024K, 2 young (2048K), 2 survivors (2048K)
 Metaspace       used 108263K, capacity 111014K, committed 111180K, reserved 1144832K
  class space    used 13791K, capacity 14881K, committed 14924K, reserved 1048576K
}
Event: 1427.440 GC heap before
{Heap before GC invocations=57 (full 0):
 garbage-first heap   total 155648K, used 109997K [0x0000000080000000, 0x0000000100000000)
  region size 1024K, 7 young (7168K), 2 survivors (2048K)
 Metaspace       used 109216K, capacity 112007K, committed 112076K, reserved 1146880K
  class space    used 13936K, capacity 15046K, committed 15052K, reserved 1048576K
}
Event: 1427.446 GC heap after
{Heap after GC invocations=58 (full 0):
 garbage-first heap   total 155648K, used 102070K [0x0000000080000000, 0x0000000100000000)
  region size 1024K, 1 young (1024K), 1 survivors (1024K)
 Metaspace       used 109216K, capacity 112007K, committed 112076K, reserved 1146880K
  class space    used 13936K, capacity 15046K, committed 15052K, reserved 1048576K
}
Event: 1427.546 GC heap before
{Heap before GC invocations=58 (full 0):
 garbage-first heap   total 155648K, used 118454K [0x0000000080000000, 0x0000000100000000)
  region size 1024K, 17 young (17408K), 1 survivors (1024K)
 Metaspace       used 110325K, capacity 113190K, committed 113356K, reserved 1146880K
  class space    used 14103K, capacity 15267K, committed 15308K, reserved 1048576K
}
Event: 1427.552 GC heap after
{Heap after GC invocations=59 (full 0):
 garbage-first heap   total 155648K, used 103053K [0x0000000080000000, 0x0000000100000000)
  region size 1024K, 2 young (2048K), 2 survivors (2048K)
 Metaspace       used 110325K, capacity 113190K, committed 113356K, reserved 1146880K
  class space    used 14103K, capacity 15267K, committed 15308K, reserved 1048576K
}
Event: 1427.656 GC heap before
{Heap before GC invocations=59 (full 0):
 garbage-first heap   total 155648K, used 120461K [0x0000000080000000, 0x0000000100000000)
  region size 1024K, 19 young (19456K), 2 survivors (2048K)
 Metaspace       used 111089K, capacity 114050K, committed 114252K, reserved 1148928K
  class space    used 14199K, capacity 15405K, committed 15436K, reserved 1048576K
}

